<?xml version="1.0" encoding="UTF-8"?>
<!-- Generated by org.testng.reporters.JUnitReportReporter -->
<testsuite hostname="Abduls-MBP" failures="0" tests="1" name="test1.day1" time="22.963" errors="0" timestamp="2023-01-23T08:36:41 EST" skipped="0">
  <testcase classname="test1.day1" name="demo" time="22.963"/>
  <system-out/>
</testsuite> <!-- test1.day1 -->
