<?xml version="1.0" encoding="UTF-8"?>
<!-- Generated by org.testng.reporters.JUnitReportReporter -->
<testsuite hostname="Abduls-MBP" failures="0" tests="5" name="test1.Test2" time="116.517" errors="0" timestamp="2023-01-27T08:55:08 EST" skipped="0">
  <testcase classname="test1.Test2" name="bedssl" time="5.513"/>
  <system-out/>
  <testcase classname="test1.Test2" name="errorPage" time="66.432"/>
  <system-out/>
  <testcase classname="test1.Test2" name="test2" time="32.273"/>
  <system-out/>
  <testcase classname="test1.Test2" name="linkbroke" time="5.102"/>
  <system-out/>
  <testcase classname="test1.Test2" name="wegmansManu" time="7.197"/>
  <system-out/>
</testsuite> <!-- test1.Test2 -->
