<?xml version="1.0" encoding="UTF-8"?>
<!-- Generated by org.testng.reporters.JUnitReportReporter -->
<testsuite hostname="Abduls-MBP" failures="0" tests="1" name="test1.BrokenLink" time="24.899" errors="0" timestamp="2023-01-25T09:02:15 EST" skipped="0">
  <testcase classname="test1.BrokenLink" name="linkBroken" time="24.899"/>
  <system-out/>
</testsuite> <!-- test1.BrokenLink -->
