<?xml version="1.0" encoding="UTF-8"?>
<!-- Generated by org.testng.reporters.JUnitReportReporter -->
<testsuite hostname="Abduls-MBP" failures="0" tests="1" name="test1.day1" time="23.846" errors="0" timestamp="2023-01-27T08:55:08 EST" skipped="0">
  <testcase classname="test1.day1" name="demo" time="23.846"/>
  <system-out/>
</testsuite> <!-- test1.day1 -->
