<?xml version="1.0" encoding="UTF-8"?>
<!-- Generated by org.testng.reporters.JUnitReportReporter -->
<testsuite hostname="Abduls-MBP" failures="0" tests="1" name="test1.day1" time="24.742" errors="0" timestamp="2023-01-25T09:02:15 EST" skipped="0">
  <testcase classname="test1.day1" name="demo" time="24.742"/>
  <system-out/>
</testsuite> <!-- test1.day1 -->
