<?xml version="1.0" encoding="UTF-8"?>
<!-- Generated by org.testng.reporters.JUnitReportReporter -->
<testsuite hostname="Abduls-MBP" failures="0" tests="1" name="test1.Test2" time="7.133" errors="0" timestamp="2023-01-24T20:07:55 EST" skipped="0">
  <testcase classname="test1.Test2" name="wegmansManu" time="7.133"/>
  <system-out/>
</testsuite> <!-- test1.Test2 -->
