<?xml version="1.0" encoding="UTF-8"?>
<!-- Generated by org.testng.reporters.JUnitReportReporter -->
<testsuite hostname="Abduls-MBP" failures="0" tests="1" name="test1.BrokenLink" time="22.903" errors="0" timestamp="2023-01-27T08:55:08 EST" skipped="0">
  <testcase classname="test1.BrokenLink" name="linkBroken" time="22.903"/>
  <system-out/>
</testsuite> <!-- test1.BrokenLink -->
