<?xml version="1.0" encoding="UTF-8"?>
<!-- Generated by org.testng.reporters.JUnitReportReporter -->
<testsuite hostname="Abduls-MBP" failures="0" tests="1" name="test1.Test2" time="68.622" errors="0" timestamp="2023-01-26T10:27:43 EST" skipped="0">
  <testcase classname="test1.Test2" name="errorPage" time="68.622"/>
  <system-out/>
</testsuite> <!-- test1.Test2 -->
