<?xml version="1.0" encoding="UTF-8"?>
<!-- Generated by org.testng.reporters.JUnitReportReporter -->
<testsuite hostname="Abduls-MBP" failures="0" tests="1" name="pageObjectPositiveTest.PositiveTest" time="15.969" errors="0" timestamp="2023-01-10T18:02:36 EST" skipped="0">
  <testcase classname="pageObjectPositiveTest.PositiveTest" name="loginToTheApplication" time="15.969"/>
  <system-out/>
</testsuite> <!-- pageObjectPositiveTest.PositiveTest -->
