<?xml version="1.0" encoding="UTF-8"?>
<!-- Generated by org.testng.reporters.JUnitReportReporter -->
<testsuite hostname="Abduls-MBP" failures="0" tests="1" name="pageObjectNagitiveTest.NagitiveTest" time="13.618" errors="0" timestamp="2023-01-09T21:26:16 EST" skipped="0">
  <testcase classname="pageObjectNagitiveTest.NagitiveTest" name="login" time="13.618"/>
  <system-out/>
</testsuite> <!-- pageObjectNagitiveTest.NagitiveTest -->
